2025-09-14 22:55:10,793 - INFO - 
============================================================
2025-09-14 22:55:10,794 - INFO - Downloading 2025 - ALL SECTIONS
2025-09-14 22:55:10,794 - INFO - ============================================================
2025-09-14 22:55:10,794 - INFO - Navigating to JOE listings...
2025-09-14 22:55:15,939 - INFO - Checking for cookie banner...
2025-09-14 22:55:15,952 - INFO - Found cookie button, clicking...
2025-09-14 22:55:17,038 - INFO - Clicking date period: August 1, 2025 - January 31, 2026
2025-09-14 22:55:21,876 - INFO - Setting results per page to All...
2025-09-14 22:55:31,887 - WARNING - Could not set results to All: Message: no such element: Unable to locate element: {"method":"xpath","selector":"//select[contains(@class, 'results-per-page') or contains(@name, 'results')]"}
  (Session info: chrome=140.0.7339.133)

2025-09-14 22:55:31,888 - INFO - Opening download options...
2025-09-14 22:55:32,930 - INFO - Clicking Native XLS...
2025-09-14 22:55:45,128 - INFO - Download complete: /Users/davidvandijcke/University of Michigan Dropbox/David Van Dijcke/job_market/tracker/joe_data/scraped/temp/joe_resultset.xlsx
2025-09-14 22:55:45,130 - INFO - ✓ Saved as: /Users/davidvandijcke/University of Michigan Dropbox/David Van Dijcke/job_market/tracker/joe_data/scraped/joe_2025_all.xlsx
2025-09-14 22:55:45,130 - INFO - ✓ Saved as: /Users/davidvandijcke/University of Michigan Dropbox/David Van Dijcke/job_market/tracker/joe_data/scraped/joe_2025_all_sections.xlsx
2025-09-14 22:55:45,131 - INFO - 
============================================================
2025-09-14 22:55:45,131 - INFO - Downloading 2024 - ALL SECTIONS
2025-09-14 22:55:45,131 - INFO - ============================================================
2025-09-14 22:55:45,131 - INFO - Navigating to JOE listings...
2025-09-14 22:55:50,821 - INFO - Checking for cookie banner...
2025-09-14 22:56:00,883 - INFO - Clicking date period: August 1, 2024 – January 31, 2025
2025-09-14 22:56:07,057 - INFO - Setting results per page to All...
2025-09-14 22:56:17,109 - WARNING - Could not set results to All: Message: no such element: Unable to locate element: {"method":"xpath","selector":"//select[contains(@class, 'results-per-page') or contains(@name, 'results')]"}
  (Session info: chrome=140.0.7339.133)

2025-09-14 22:56:17,109 - INFO - Opening download options...
2025-09-14 22:56:18,167 - INFO - Clicking Native XLS...
2025-09-14 22:56:34,661 - INFO - Download complete: /Users/davidvandijcke/University of Michigan Dropbox/David Van Dijcke/job_market/tracker/joe_data/scraped/temp/joe_resultset.xlsx
2025-09-14 22:56:34,662 - INFO - ✓ Saved as: /Users/davidvandijcke/University of Michigan Dropbox/David Van Dijcke/job_market/tracker/joe_data/scraped/joe_2024 – January 31_all.xlsx
2025-09-14 22:56:34,662 - INFO - ✓ Saved as: /Users/davidvandijcke/University of Michigan Dropbox/David Van Dijcke/job_market/tracker/joe_data/scraped/joe_2024_all_sections.xlsx
2025-09-14 22:56:34,662 - INFO - 
============================================================
2025-09-14 22:56:34,662 - INFO - Downloading 2023 - ALL SECTIONS
2025-09-14 22:56:34,662 - INFO - ============================================================
2025-09-14 22:56:34,662 - INFO - Navigating to JOE listings...
2025-09-14 22:56:40,705 - INFO - Checking for cookie banner...
2025-09-14 22:56:50,715 - INFO - Clicking date period: August 1, 2023 – January 31, 2024
2025-09-14 22:56:56,412 - INFO - Setting results per page to All...
2025-09-14 22:57:06,425 - WARNING - Could not set results to All: Message: no such element: Unable to locate element: {"method":"xpath","selector":"//select[contains(@class, 'results-per-page') or contains(@name, 'results')]"}
  (Session info: chrome=140.0.7339.133)

2025-09-14 22:57:06,425 - INFO - Opening download options...
2025-09-14 22:57:07,470 - INFO - Clicking Native XLS...
2025-09-14 22:57:23,136 - INFO - Download complete: /Users/davidvandijcke/University of Michigan Dropbox/David Van Dijcke/job_market/tracker/joe_data/scraped/temp/joe_resultset.xlsx
2025-09-14 22:57:23,137 - INFO - ✓ Saved as: /Users/davidvandijcke/University of Michigan Dropbox/David Van Dijcke/job_market/tracker/joe_data/scraped/joe_2023 – January 31_all.xlsx
2025-09-14 22:57:23,138 - INFO - ✓ Saved as: /Users/davidvandijcke/University of Michigan Dropbox/David Van Dijcke/job_market/tracker/joe_data/scraped/joe_2023_all_sections.xlsx
2025-09-14 22:57:23,138 - INFO - 
============================================================
2025-09-14 22:57:23,138 - INFO - Downloading 2022 - ALL SECTIONS
2025-09-14 22:57:23,138 - INFO - ============================================================
2025-09-14 22:57:23,138 - INFO - Navigating to JOE listings...
2025-09-14 22:57:28,838 - INFO - Checking for cookie banner...
2025-09-14 22:57:38,863 - INFO - Clicking date period: August 1, 2022 – January 31, 2023
2025-09-14 22:57:44,509 - INFO - Setting results per page to All...
2025-09-14 22:57:54,565 - WARNING - Could not set results to All: Message: no such element: Unable to locate element: {"method":"xpath","selector":"//select[contains(@class, 'results-per-page') or contains(@name, 'results')]"}
  (Session info: chrome=140.0.7339.133)

2025-09-14 22:57:54,565 - INFO - Opening download options...
2025-09-14 22:57:55,604 - INFO - Clicking Native XLS...
2025-09-14 22:58:11,947 - INFO - Download complete: /Users/davidvandijcke/University of Michigan Dropbox/David Van Dijcke/job_market/tracker/joe_data/scraped/temp/joe_resultset.xlsx
2025-09-14 22:58:11,948 - INFO - ✓ Saved as: /Users/davidvandijcke/University of Michigan Dropbox/David Van Dijcke/job_market/tracker/joe_data/scraped/joe_2022 – January 31_all.xlsx
2025-09-14 22:58:11,948 - INFO - ✓ Saved as: /Users/davidvandijcke/University of Michigan Dropbox/David Van Dijcke/job_market/tracker/joe_data/scraped/joe_2022_all_sections.xlsx
2025-09-14 22:58:11,948 - INFO - 
============================================================
2025-09-14 22:58:11,948 - INFO - Downloading 2021 - ALL SECTIONS
2025-09-14 22:58:11,948 - INFO - ============================================================
2025-09-14 22:58:11,948 - INFO - Navigating to JOE listings...
2025-09-14 22:58:23,634 - INFO - Checking for cookie banner...
2025-09-14 22:58:33,809 - INFO - Clicking date period: August 1, 2021 – January 31, 2022
2025-09-14 22:58:39,676 - INFO - Setting results per page to All...
2025-09-14 22:58:49,696 - WARNING - Could not set results to All: Message: no such element: Unable to locate element: {"method":"xpath","selector":"//select[contains(@class, 'results-per-page') or contains(@name, 'results')]"}
  (Session info: chrome=140.0.7339.133)

2025-09-14 22:58:49,696 - INFO - Opening download options...
2025-09-14 22:58:50,742 - INFO - Clicking Native XLS...
2025-09-14 22:59:06,763 - INFO - Download complete: /Users/davidvandijcke/University of Michigan Dropbox/David Van Dijcke/job_market/tracker/joe_data/scraped/temp/joe_resultset.xlsx
2025-09-14 22:59:06,764 - INFO - ✓ Saved as: /Users/davidvandijcke/University of Michigan Dropbox/David Van Dijcke/job_market/tracker/joe_data/scraped/joe_2021 – January 31_all.xlsx
2025-09-14 22:59:06,766 - INFO - ✓ Saved as: /Users/davidvandijcke/University of Michigan Dropbox/David Van Dijcke/job_market/tracker/joe_data/scraped/joe_2021_all_sections.xlsx
2025-09-14 22:59:06,766 - INFO - 
============================================================
2025-09-14 22:59:06,766 - INFO - Downloading 2020 - ALL SECTIONS
2025-09-14 22:59:06,766 - INFO - ============================================================
2025-09-14 22:59:06,766 - INFO - Navigating to JOE listings...
2025-09-14 22:59:12,378 - INFO - Checking for cookie banner...
2025-09-14 22:59:22,400 - INFO - Clicking date period: August 1, 2020 – January 31, 2021
2025-09-14 22:59:28,700 - INFO - Setting results per page to All...
2025-09-14 22:59:38,709 - WARNING - Could not set results to All: Message: no such element: Unable to locate element: {"method":"xpath","selector":"//select[contains(@class, 'results-per-page') or contains(@name, 'results')]"}
  (Session info: chrome=140.0.7339.133)

2025-09-14 22:59:38,709 - INFO - Opening download options...
2025-09-14 22:59:39,773 - INFO - Clicking Native XLS...
2025-09-14 22:59:54,732 - INFO - Download complete: /Users/davidvandijcke/University of Michigan Dropbox/David Van Dijcke/job_market/tracker/joe_data/scraped/temp/joe_resultset.xlsx
2025-09-14 22:59:54,732 - INFO - ✓ Saved as: /Users/davidvandijcke/University of Michigan Dropbox/David Van Dijcke/job_market/tracker/joe_data/scraped/joe_2020 – January 31_all.xlsx
2025-09-14 22:59:54,733 - INFO - ✓ Saved as: /Users/davidvandijcke/University of Michigan Dropbox/David Van Dijcke/job_market/tracker/joe_data/scraped/joe_2020_all_sections.xlsx
2025-09-14 22:59:54,733 - INFO - 
============================================================
2025-09-14 22:59:54,733 - INFO - Downloading 2019 - ALL SECTIONS
2025-09-14 22:59:54,733 - INFO - ============================================================
2025-09-14 22:59:54,733 - INFO - Navigating to JOE listings...
2025-09-14 23:00:00,330 - INFO - Checking for cookie banner...
2025-09-14 23:00:10,375 - INFO - Clicking date period: August 1, 2019 – January 31, 2020
2025-09-14 23:00:16,057 - INFO - Setting results per page to All...
2025-09-14 23:00:26,076 - WARNING - Could not set results to All: Message: no such element: Unable to locate element: {"method":"xpath","selector":"//select[contains(@class, 'results-per-page') or contains(@name, 'results')]"}
  (Session info: chrome=140.0.7339.133)

2025-09-14 23:00:26,077 - INFO - Opening download options...
2025-09-14 23:00:27,133 - INFO - Clicking Native XLS...
2025-09-14 23:00:43,264 - INFO - Download complete: /Users/davidvandijcke/University of Michigan Dropbox/David Van Dijcke/job_market/tracker/joe_data/scraped/temp/joe_resultset.xlsx
2025-09-14 23:00:43,266 - INFO - ✓ Saved as: /Users/davidvandijcke/University of Michigan Dropbox/David Van Dijcke/job_market/tracker/joe_data/scraped/joe_2019 – January 31_all.xlsx
2025-09-14 23:00:43,267 - INFO - ✓ Saved as: /Users/davidvandijcke/University of Michigan Dropbox/David Van Dijcke/job_market/tracker/joe_data/scraped/joe_2019_all_sections.xlsx
2025-09-14 23:00:43,267 - INFO - 
✅ All downloads complete!
